<?xml version="1.0" encoding="UTF-8"?>
<!-- Generated by org.testng.reporters.JUnitXMLReporter -->
<testsuite ignored="0" hostname="LAPTOP-UIF2ROIV" failures="0" tests="3" name="Test" time="26.395" errors="0" timestamp="2020-11-02T09:07:14 IST">
  <testcase classname="Academy.E2EProject.landingpageNavigation" name="homepagenavigation" time="0.87"/>
  <testcase classname="Academy.E2EProject.LoginPageNavigation" name="homepagenavigation" time="6.358"/>
  <testcase classname="Academy.E2EProject.LoginPageNavigation" name="homepagenavigation" time="6.614"/>
</testsuite> <!-- Test -->
