<?xml version="1.0" encoding="UTF-8"?>
<!-- Generated by org.testng.reporters.JUnitXMLReporter -->
<testsuite ignored="0" hostname="LAPTOP-UIF2ROIV" failures="0" tests="1" name="TitlePage Test" time="0.013" errors="0" timestamp="2020-11-06T19:19:41 IST">
  <testcase classname="Academy.E2EProject.validateTitle" name="@BeforeTest beforetesting" time="0.001">
    <failure type="java.lang.NullPointerException">
      <![CDATA[java.lang.NullPointerException
at resources.BaseClass.initializedriver(BaseClass.java:30)
at Academy.E2EProject.validateTitle.beforetesting(validateTitle.java:36)
... Removed 24 stack frames]]>
    </failure>
  </testcase> <!-- @BeforeTest beforetesting -->
  <testcase classname="Academy.E2EProject.validateTitle" name="@AfterTest aftertesting" time="-1.604670581949E9">
    <skipped/>
  </testcase> <!-- @AfterTest aftertesting -->
  <testcase classname="Academy.E2EProject.validateTitle" name="Validatetitle" time="0.0">
    <skipped/>
  </testcase> <!-- Validatetitle -->
</testsuite> <!-- TitlePage Test -->
