<?xml version="1.0" encoding="UTF-8"?>
<!-- Generated by org.testng.reporters.JUnitXMLReporter -->
<testsuite ignored="0" hostname="LAPTOP-UIF2ROIV" failures="0" tests="2" name="LoginPage Test" time="17.66" errors="0" timestamp="2020-11-06T18:45:49 IST">
  <testcase classname="Academy.E2EProject.LoginPageNavigation" name="LoginPagenavigation" time="6.16"/>
  <testcase classname="Academy.E2EProject.LoginPageNavigation" name="LoginPagenavigation" time="6.275"/>
</testsuite> <!-- LoginPage Test -->
