<?xml version="1.0" encoding="UTF-8"?>
<!-- Generated by org.testng.reporters.JUnitXMLReporter -->
<testsuite ignored="0" hostname="LAPTOP-UIF2ROIV" failures="0" tests="3" name="Test" time="24.695" errors="0" timestamp="2020-11-01T12:59:22 IST">
  <testcase classname="Academy.E2EProject.landingpageNavigation" name="homepagenavigation" time="0.092"/>
  <testcase classname="Academy.E2EProject.LoginPageNavigation" name="homepagenavigation" time="6.577"/>
  <testcase classname="Academy.E2EProject.LoginPageNavigation" name="homepagenavigation" time="6.405"/>
</testsuite> <!-- Test -->
