<?xml version="1.0" encoding="UTF-8"?>
<!-- Generated by org.testng.reporters.JUnitXMLReporter -->
<testsuite ignored="0" hostname="LAPTOP-UIF2ROIV" failures="1" tests="1" name="TitlePage Test" time="5.785" errors="0" timestamp="2020-11-06T18:45:55 IST">
  <testcase classname="Academy.E2EProject.validateTitle" name="Validatetitle" time="0.035">
    <failure type="java.lang.AssertionError" message="expected [FEATURED COURSES123] but found [FEATURED COURSES]">
      <![CDATA[java.lang.AssertionError: expected [FEATURED COURSES123] but found [FEATURED COURSES]
at Academy.E2EProject.validateTitle.Validatetitle(validateTitle.java:28)
at java.base/java.util.ArrayList.forEach(ArrayList.java:1541)
... Removed 37 stack frames]]>
    </failure>
  </testcase> <!-- Validatetitle -->
</testsuite> <!-- TitlePage Test -->
